<?xml version="1.0" encoding="UTF-8"?>
<testsuite xmlns:xsi="http://www.w3.org/2001/XMLSchema-instance" xsi:noNamespaceSchemaLocation="https://maven.apache.org/surefire/maven-surefire-plugin/xsd/surefire-test-report-3.0.xsd" version="3.0" name="tn.supcom.appsec.security.TestJwtManager" time="0.357" tests="3" errors="0" skipped="0" failures="0">
  <properties>
    <property name="java.specification.version" value="21"/>
    <property name="sun.cpu.isalist" value="amd64"/>
    <property name="sun.jnu.encoding" value="Cp1252"/>
    <property name="java.class.path" value="d:\EcoSight\AppSec\target\test-classes;d:\EcoSight\AppSec\target\classes;C:\Users\21640\.m2\repository\org\mongodb\mongodb-driver-sync\4.11.1\mongodb-driver-sync-4.11.1.jar;C:\Users\21640\.m2\repository\org\mongodb\bson\4.11.1\bson-4.11.1.jar;C:\Users\21640\.m2\repository\org\mongodb\mongodb-driver-core\4.11.1\mongodb-driver-core-4.11.1.jar;C:\Users\21640\.m2\repository\org\mongodb\bson-record-codec\4.11.1\bson-record-codec-4.11.1.jar;C:\Users\21640\.m2\repository\com\nimbusds\nimbus-jose-jwt\9.37\nimbus-jose-jwt-9.37.jar;C:\Users\21640\.m2\repository\com\github\stephenc\jcip\jcip-annotations\1.0-1\jcip-annotations-1.0-1.jar;C:\Users\21640\.m2\repository\jakarta\platform\jakarta.jakartaee-api\10.0.0\jakarta.jakartaee-api-10.0.0.jar;C:\Users\21640\.m2\repository\jakarta\platform\jakarta.jakartaee-web-api\10.0.0\jakarta.jakartaee-web-api-10.0.0.jar;C:\Users\21640\.m2\repository\jakarta\servlet\jakarta.servlet-api\6.0.0\jakarta.servlet-api-6.0.0.jar;C:\Users\21640\.m2\repository\jakarta\servlet\jsp\jakarta.servlet.jsp-api\3.1.0\jakarta.servlet.jsp-api-3.1.0.jar;C:\Users\21640\.m2\repository\jakarta\el\jakarta.el-api\5.0.1\jakarta.el-api-5.0.1.jar;C:\Users\21640\.m2\repository\jakarta\servlet\jsp\jstl\jakarta.servlet.jsp.jstl-api\3.0.0\jakarta.servlet.jsp.jstl-api-3.0.0.jar;C:\Users\21640\.m2\repository\jakarta\faces\jakarta.faces-api\4.0.1\jakarta.faces-api-4.0.1.jar;C:\Users\21640\.m2\repository\jakarta\ws\rs\jakarta.ws.rs-api\3.1.0\jakarta.ws.rs-api-3.1.0.jar;C:\Users\21640\.m2\repository\jakarta\websocket\jakarta.websocket-api\2.1.0\jakarta.websocket-api-2.1.0.jar;C:\Users\21640\.m2\repository\jakarta\websocket\jakarta.websocket-client-api\2.1.0\jakarta.websocket-client-api-2.1.0.jar;C:\Users\21640\.m2\repository\jakarta\json\bind\jakarta.json.bind-api\3.0.0\jakarta.json.bind-api-3.0.0.jar;C:\Users\21640\.m2\repository\jakarta\annotation\jakarta.annotation-api\2.1.1\jakarta.annotation-api-2.1.1.jar;C:\Users\21640\.m2\repository\jakarta\ejb\jakarta.ejb-api\4.0.1\jakarta.ejb-api-4.0.1.jar;C:\Users\21640\.m2\repository\jakarta\transaction\jakarta.transaction-api\2.0.1\jakarta.transaction-api-2.0.1.jar;C:\Users\21640\.m2\repository\jakarta\persistence\jakarta.persistence-api\3.1.0\jakarta.persistence-api-3.1.0.jar;C:\Users\21640\.m2\repository\jakarta\validation\jakarta.validation-api\3.0.2\jakarta.validation-api-3.0.2.jar;C:\Users\21640\.m2\repository\jakarta\interceptor\jakarta.interceptor-api\2.1.0\jakarta.interceptor-api-2.1.0.jar;C:\Users\21640\.m2\repository\jakarta\enterprise\jakarta.enterprise.cdi-api\4.0.1\jakarta.enterprise.cdi-api-4.0.1.jar;C:\Users\21640\.m2\repository\jakarta\enterprise\jakarta.enterprise.lang-model\4.0.1\jakarta.enterprise.lang-model-4.0.1.jar;C:\Users\21640\.m2\repository\jakarta\inject\jakarta.inject-api\2.0.1\jakarta.inject-api-2.0.1.jar;C:\Users\21640\.m2\repository\jakarta\authentication\jakarta.authentication-api\3.0.0\jakarta.authentication-api-3.0.0.jar;C:\Users\21640\.m2\repository\jakarta\security\enterprise\jakarta.security.enterprise-api\3.0.0\jakarta.security.enterprise-api-3.0.0.jar;C:\Users\21640\.m2\repository\jakarta\jms\jakarta.jms-api\3.1.0\jakarta.jms-api-3.1.0.jar;C:\Users\21640\.m2\repository\jakarta\activation\jakarta.activation-api\2.1.0\jakarta.activation-api-2.1.0.jar;C:\Users\21640\.m2\repository\jakarta\mail\jakarta.mail-api\2.1.0\jakarta.mail-api-2.1.0.jar;C:\Users\21640\.m2\repository\jakarta\resource\jakarta.resource-api\2.1.0\jakarta.resource-api-2.1.0.jar;C:\Users\21640\.m2\repository\jakarta\authorization\jakarta.authorization-api\2.1.0\jakarta.authorization-api-2.1.0.jar;C:\Users\21640\.m2\repository\jakarta\batch\jakarta.batch-api\2.1.1\jakarta.batch-api-2.1.1.jar;C:\Users\21640\.m2\repository\org\junit\jupiter\junit-jupiter\5.11.4\junit-jupiter-5.11.4.jar;C:\Users\21640\.m2\repository\org\junit\jupiter\junit-jupiter-api\5.11.4\junit-jupiter-api-5.11.4.jar;C:\Users\21640\.m2\repository\org\opentest4j\opentest4j\1.3.0\opentest4j-1.3.0.jar;C:\Users\21640\.m2\repository\org\junit\platform\junit-platform-commons\1.11.4\junit-platform-commons-1.11.4.jar;C:\Users\21640\.m2\repository\org\apiguardian\apiguardian-api\1.1.2\apiguardian-api-1.1.2.jar;C:\Users\21640\.m2\repository\org\junit\jupiter\junit-jupiter-params\5.11.4\junit-jupiter-params-5.11.4.jar;C:\Users\21640\.m2\repository\org\junit\jupiter\junit-jupiter-engine\5.11.4\junit-jupiter-engine-5.11.4.jar;C:\Users\21640\.m2\repository\org\junit\platform\junit-platform-engine\1.11.4\junit-platform-engine-1.11.4.jar;C:\Users\21640\.m2\repository\org\eclipse\parsson\parsson\1.1.3\parsson-1.1.3.jar;C:\Users\21640\.m2\repository\jakarta\json\jakarta.json-api\2.1.2\jakarta.json-api-2.1.2.jar;C:\Users\21640\.m2\repository\org\eclipse\microprofile\config\microprofile-config-api\3.0.3\microprofile-config-api-3.0.3.jar;C:\Users\21640\.m2\repository\de\mkammerer\argon2-jvm\2.11\argon2-jvm-2.11.jar;C:\Users\21640\.m2\repository\de\mkammerer\argon2-jvm-nolibs\2.11\argon2-jvm-nolibs-2.11.jar;C:\Users\21640\.m2\repository\net\java\dev\jna\jna\5.8.0\jna-5.8.0.jar;C:\Users\21640\.m2\repository\org\eclipse\jnosql\databases\jnosql-mongodb\1.0.3\jnosql-mongodb-1.0.3.jar;C:\Users\21640\.m2\repository\org\eclipse\jnosql\communication\jnosql-communication-document\1.0.3\jnosql-communication-document-1.0.3.jar;C:\Users\21640\.m2\repository\org\eclipse\jnosql\communication\jnosql-communication-core\1.0.3\jnosql-communication-core-1.0.3.jar;C:\Users\21640\.m2\repository\org\eclipse\jnosql\communication\jnosql-communication-query\1.0.3\jnosql-communication-query-1.0.3.jar;C:\Users\21640\.m2\repository\org\antlr\antlr4-runtime\4.12.0\antlr4-runtime-4.12.0.jar;C:\Users\21640\.m2\repository\org\eclipse\jnosql\mapping\jnosql-mapping-document\1.0.3\jnosql-mapping-document-1.0.3.jar;C:\Users\21640\.m2\repository\org\eclipse\jnosql\mapping\jnosql-mapping-core\1.0.3\jnosql-mapping-core-1.0.3.jar;C:\Users\21640\.m2\repository\org\eclipse\jnosql\mapping\jnosql-mapping-api-core\1.0.3\jnosql-mapping-api-core-1.0.3.jar;C:\Users\21640\.m2\repository\org\eclipse\jnosql\mapping\jnosql-mapping-reflection\1.0.3\jnosql-mapping-reflection-1.0.3.jar;C:\Users\21640\.m2\repository\io\github\classgraph\classgraph\4.8.165\classgraph-4.8.165.jar;C:\Users\21640\.m2\repository\jakarta\nosql\nosql-document\1.0.0-b7\nosql-document-1.0.0-b7.jar;C:\Users\21640\.m2\repository\org\eclipse\jnosql\databases\jnosql-database-commons\1.0.3\jnosql-database-commons-1.0.3.jar;C:\Users\21640\.m2\repository\jakarta\nosql\nosql-core\1.0.0-b7\nosql-core-1.0.0-b7.jar;C:\Users\21640\.m2\repository\jakarta\data\jakarta-data-api\1.0.0-b3\jakarta-data-api-1.0.0-b3.jar;C:\Users\21640\.m2\repository\org\json\json\20231013\json-20231013.jar;C:\Users\21640\.m2\repository\javax\ws\rs\javax.ws.rs-api\2.1.1\javax.ws.rs-api-2.1.1.jar;"/>
    <property name="java.vm.vendor" value="Oracle Corporation"/>
    <property name="sun.arch.data.model" value="64"/>
    <property name="user.variant" value=""/>
    <property name="java.vendor.url" value="https://java.oracle.com/"/>
    <property name="user.timezone" value="Europe/Berlin"/>
    <property name="os.name" value="Windows 11"/>
    <property name="java.vm.specification.version" value="21"/>
    <property name="sun.java.launcher" value="SUN_STANDARD"/>
    <property name="user.country" value="FR"/>
    <property name="sun.boot.library.path" value="C:\Program Files\Java\jdk-21\bin"/>
    <property name="sun.java.command" value="C:\Users\21640\AppData\Local\Temp\surefire10583488463299536558\surefirebooter-20250110022302025_3.jar C:\Users\21640\AppData\Local\Temp\surefire10583488463299536558 2025-01-10T02-23-01_215-jvmRun1 surefire-20250110022302025_1tmp surefire_0-20250110022302025_2tmp"/>
    <property name="jdk.debug" value="release"/>
    <property name="surefire.test.class.path" value="d:\EcoSight\AppSec\target\test-classes;d:\EcoSight\AppSec\target\classes;C:\Users\21640\.m2\repository\org\mongodb\mongodb-driver-sync\4.11.1\mongodb-driver-sync-4.11.1.jar;C:\Users\21640\.m2\repository\org\mongodb\bson\4.11.1\bson-4.11.1.jar;C:\Users\21640\.m2\repository\org\mongodb\mongodb-driver-core\4.11.1\mongodb-driver-core-4.11.1.jar;C:\Users\21640\.m2\repository\org\mongodb\bson-record-codec\4.11.1\bson-record-codec-4.11.1.jar;C:\Users\21640\.m2\repository\com\nimbusds\nimbus-jose-jwt\9.37\nimbus-jose-jwt-9.37.jar;C:\Users\21640\.m2\repository\com\github\stephenc\jcip\jcip-annotations\1.0-1\jcip-annotations-1.0-1.jar;C:\Users\21640\.m2\repository\jakarta\platform\jakarta.jakartaee-api\10.0.0\jakarta.jakartaee-api-10.0.0.jar;C:\Users\21640\.m2\repository\jakarta\platform\jakarta.jakartaee-web-api\10.0.0\jakarta.jakartaee-web-api-10.0.0.jar;C:\Users\21640\.m2\repository\jakarta\servlet\jakarta.servlet-api\6.0.0\jakarta.servlet-api-6.0.0.jar;C:\Users\21640\.m2\repository\jakarta\servlet\jsp\jakarta.servlet.jsp-api\3.1.0\jakarta.servlet.jsp-api-3.1.0.jar;C:\Users\21640\.m2\repository\jakarta\el\jakarta.el-api\5.0.1\jakarta.el-api-5.0.1.jar;C:\Users\21640\.m2\repository\jakarta\servlet\jsp\jstl\jakarta.servlet.jsp.jstl-api\3.0.0\jakarta.servlet.jsp.jstl-api-3.0.0.jar;C:\Users\21640\.m2\repository\jakarta\faces\jakarta.faces-api\4.0.1\jakarta.faces-api-4.0.1.jar;C:\Users\21640\.m2\repository\jakarta\ws\rs\jakarta.ws.rs-api\3.1.0\jakarta.ws.rs-api-3.1.0.jar;C:\Users\21640\.m2\repository\jakarta\websocket\jakarta.websocket-api\2.1.0\jakarta.websocket-api-2.1.0.jar;C:\Users\21640\.m2\repository\jakarta\websocket\jakarta.websocket-client-api\2.1.0\jakarta.websocket-client-api-2.1.0.jar;C:\Users\21640\.m2\repository\jakarta\json\bind\jakarta.json.bind-api\3.0.0\jakarta.json.bind-api-3.0.0.jar;C:\Users\21640\.m2\repository\jakarta\annotation\jakarta.annotation-api\2.1.1\jakarta.annotation-api-2.1.1.jar;C:\Users\21640\.m2\repository\jakarta\ejb\jakarta.ejb-api\4.0.1\jakarta.ejb-api-4.0.1.jar;C:\Users\21640\.m2\repository\jakarta\transaction\jakarta.transaction-api\2.0.1\jakarta.transaction-api-2.0.1.jar;C:\Users\21640\.m2\repository\jakarta\persistence\jakarta.persistence-api\3.1.0\jakarta.persistence-api-3.1.0.jar;C:\Users\21640\.m2\repository\jakarta\validation\jakarta.validation-api\3.0.2\jakarta.validation-api-3.0.2.jar;C:\Users\21640\.m2\repository\jakarta\interceptor\jakarta.interceptor-api\2.1.0\jakarta.interceptor-api-2.1.0.jar;C:\Users\21640\.m2\repository\jakarta\enterprise\jakarta.enterprise.cdi-api\4.0.1\jakarta.enterprise.cdi-api-4.0.1.jar;C:\Users\21640\.m2\repository\jakarta\enterprise\jakarta.enterprise.lang-model\4.0.1\jakarta.enterprise.lang-model-4.0.1.jar;C:\Users\21640\.m2\repository\jakarta\inject\jakarta.inject-api\2.0.1\jakarta.inject-api-2.0.1.jar;C:\Users\21640\.m2\repository\jakarta\authentication\jakarta.authentication-api\3.0.0\jakarta.authentication-api-3.0.0.jar;C:\Users\21640\.m2\repository\jakarta\security\enterprise\jakarta.security.enterprise-api\3.0.0\jakarta.security.enterprise-api-3.0.0.jar;C:\Users\21640\.m2\repository\jakarta\jms\jakarta.jms-api\3.1.0\jakarta.jms-api-3.1.0.jar;C:\Users\21640\.m2\repository\jakarta\activation\jakarta.activation-api\2.1.0\jakarta.activation-api-2.1.0.jar;C:\Users\21640\.m2\repository\jakarta\mail\jakarta.mail-api\2.1.0\jakarta.mail-api-2.1.0.jar;C:\Users\21640\.m2\repository\jakarta\resource\jakarta.resource-api\2.1.0\jakarta.resource-api-2.1.0.jar;C:\Users\21640\.m2\repository\jakarta\authorization\jakarta.authorization-api\2.1.0\jakarta.authorization-api-2.1.0.jar;C:\Users\21640\.m2\repository\jakarta\batch\jakarta.batch-api\2.1.1\jakarta.batch-api-2.1.1.jar;C:\Users\21640\.m2\repository\org\junit\jupiter\junit-jupiter\5.11.4\junit-jupiter-5.11.4.jar;C:\Users\21640\.m2\repository\org\junit\jupiter\junit-jupiter-api\5.11.4\junit-jupiter-api-5.11.4.jar;C:\Users\21640\.m2\repository\org\opentest4j\opentest4j\1.3.0\opentest4j-1.3.0.jar;C:\Users\21640\.m2\repository\org\junit\platform\junit-platform-commons\1.11.4\junit-platform-commons-1.11.4.jar;C:\Users\21640\.m2\repository\org\apiguardian\apiguardian-api\1.1.2\apiguardian-api-1.1.2.jar;C:\Users\21640\.m2\repository\org\junit\jupiter\junit-jupiter-params\5.11.4\junit-jupiter-params-5.11.4.jar;C:\Users\21640\.m2\repository\org\junit\jupiter\junit-jupiter-engine\5.11.4\junit-jupiter-engine-5.11.4.jar;C:\Users\21640\.m2\repository\org\junit\platform\junit-platform-engine\1.11.4\junit-platform-engine-1.11.4.jar;C:\Users\21640\.m2\repository\org\eclipse\parsson\parsson\1.1.3\parsson-1.1.3.jar;C:\Users\21640\.m2\repository\jakarta\json\jakarta.json-api\2.1.2\jakarta.json-api-2.1.2.jar;C:\Users\21640\.m2\repository\org\eclipse\microprofile\config\microprofile-config-api\3.0.3\microprofile-config-api-3.0.3.jar;C:\Users\21640\.m2\repository\de\mkammerer\argon2-jvm\2.11\argon2-jvm-2.11.jar;C:\Users\21640\.m2\repository\de\mkammerer\argon2-jvm-nolibs\2.11\argon2-jvm-nolibs-2.11.jar;C:\Users\21640\.m2\repository\net\java\dev\jna\jna\5.8.0\jna-5.8.0.jar;C:\Users\21640\.m2\repository\org\eclipse\jnosql\databases\jnosql-mongodb\1.0.3\jnosql-mongodb-1.0.3.jar;C:\Users\21640\.m2\repository\org\eclipse\jnosql\communication\jnosql-communication-document\1.0.3\jnosql-communication-document-1.0.3.jar;C:\Users\21640\.m2\repository\org\eclipse\jnosql\communication\jnosql-communication-core\1.0.3\jnosql-communication-core-1.0.3.jar;C:\Users\21640\.m2\repository\org\eclipse\jnosql\communication\jnosql-communication-query\1.0.3\jnosql-communication-query-1.0.3.jar;C:\Users\21640\.m2\repository\org\antlr\antlr4-runtime\4.12.0\antlr4-runtime-4.12.0.jar;C:\Users\21640\.m2\repository\org\eclipse\jnosql\mapping\jnosql-mapping-document\1.0.3\jnosql-mapping-document-1.0.3.jar;C:\Users\21640\.m2\repository\org\eclipse\jnosql\mapping\jnosql-mapping-core\1.0.3\jnosql-mapping-core-1.0.3.jar;C:\Users\21640\.m2\repository\org\eclipse\jnosql\mapping\jnosql-mapping-api-core\1.0.3\jnosql-mapping-api-core-1.0.3.jar;C:\Users\21640\.m2\repository\org\eclipse\jnosql\mapping\jnosql-mapping-reflection\1.0.3\jnosql-mapping-reflection-1.0.3.jar;C:\Users\21640\.m2\repository\io\github\classgraph\classgraph\4.8.165\classgraph-4.8.165.jar;C:\Users\21640\.m2\repository\jakarta\nosql\nosql-document\1.0.0-b7\nosql-document-1.0.0-b7.jar;C:\Users\21640\.m2\repository\org\eclipse\jnosql\databases\jnosql-database-commons\1.0.3\jnosql-database-commons-1.0.3.jar;C:\Users\21640\.m2\repository\jakarta\nosql\nosql-core\1.0.0-b7\nosql-core-1.0.0-b7.jar;C:\Users\21640\.m2\repository\jakarta\data\jakarta-data-api\1.0.0-b3\jakarta-data-api-1.0.0-b3.jar;C:\Users\21640\.m2\repository\org\json\json\20231013\json-20231013.jar;C:\Users\21640\.m2\repository\javax\ws\rs\javax.ws.rs-api\2.1.1\javax.ws.rs-api-2.1.1.jar;"/>
    <property name="sun.cpu.endian" value="little"/>
    <property name="user.home" value="C:\Users\21640"/>
    <property name="user.language" value="fr"/>
    <property name="java.specification.vendor" value="Oracle Corporation"/>
    <property name="java.version.date" value="2024-01-16"/>
    <property name="java.home" value="C:\Program Files\Java\jdk-21"/>
    <property name="file.separator" value="\"/>
    <property name="basedir" value="d:\EcoSight\AppSec"/>
    <property name="java.vm.compressedOopsMode" value="32-bit"/>
    <property name="line.separator" value="&#10;"/>
    <property name="java.vm.specification.vendor" value="Oracle Corporation"/>
    <property name="java.specification.name" value="Java Platform API Specification"/>
    <property name="surefire.real.class.path" value="C:\Users\21640\AppData\Local\Temp\surefire10583488463299536558\surefirebooter-20250110022302025_3.jar"/>
    <property name="user.script" value=""/>
    <property name="sun.management.compiler" value="HotSpot 64-Bit Tiered Compilers"/>
    <property name="java.runtime.version" value="21.0.2+13-LTS-58"/>
    <property name="user.name" value="USER"/>
    <property name="stdout.encoding" value="Cp1252"/>
    <property name="path.separator" value=";"/>
    <property name="os.version" value="10.0"/>
    <property name="java.runtime.name" value="Java(TM) SE Runtime Environment"/>
    <property name="file.encoding" value="UTF-8"/>
    <property name="java.vm.name" value="Java HotSpot(TM) 64-Bit Server VM"/>
    <property name="localRepository" value="C:\Users\21640\.m2\repository"/>
    <property name="java.vendor.url.bug" value="https://bugreport.java.com/bugreport/"/>
    <property name="java.io.tmpdir" value="C:\Users\21640\AppData\Local\Temp\"/>
    <property name="java.version" value="21.0.2"/>
    <property name="user.dir" value="d:\EcoSight\AppSec"/>
    <property name="os.arch" value="amd64"/>
    <property name="java.vm.specification.name" value="Java Virtual Machine Specification"/>
    <property name="sun.os.patch.level" value=""/>
    <property name="native.encoding" value="Cp1252"/>
    <property name="java.library.path" value="C:\Program Files\Java\jdk-21\bin;C:\Windows\Sun\Java\bin;C:\Windows\system32;C:\Windows;C:\Program Files\Common Files\Oracle\Java\javapath;C:\Program Files (x86)\VMware\VMware Workstation\bin\;C:\oraclexe\app\oracle\product\11.2.0\server\bin;C:\Windows\system32;C:\Windows;C:\Windows\System32\Wbem;C:\Windows\System32\WindowsPowerShell\v1.0\;C:\Windows\System32\OpenSSH\;C:\Program Files\Git\cmd;C:\Program Files\Docker\Docker\resources\bin;C:\Users\21640\AppData\Roaming\nvm;C:\Program Files\nodejs;C:\Program Files\nodejs\;C:\ProgramData\chocolatey\bin;D:\logstash-8.15.1-windows-x86_64\logstash-8.15.1\bin;D:\elasticsearch-8.15.1-windows-x86_64\elasticsearch-8.15.1\bin;C:\Users\21640\AppData\Local\Packages\PythonSoftwareFoundation.Python.3.11_qbz5n2kfra8p0\LocalCache\local-packages\Python311\Scripts;D:\mongosh-2.3.8-win32-x64\mongosh-2.3.8-win32-x64\bin;C:\Users\21640\AppData\Local\Microsoft\WindowsApps;C:\Users\21640\AppData\Local\Programs\Microsoft VS Code\bin;C:\flutter\flutter\bin;C:\Users\21640\AppData\Roaming\nvm;C:\Program Files\nodejs;C:\Users\21640\AppData\Roaming\npm;C:\apache-maven-3.9.6\bin;C:\Program Files\Java\jdk-21\bin;C:\wildfly-preview-31.0.1.Final\bin;C:\Program Files\JetBrains\IntelliJ IDEA Community Edition 2024.3\bin;;."/>
    <property name="java.vm.info" value="mixed mode, sharing"/>
    <property name="stderr.encoding" value="Cp1252"/>
    <property name="java.vendor" value="Oracle Corporation"/>
    <property name="java.vm.version" value="21.0.2+13-LTS-58"/>
    <property name="sun.io.unicode.encoding" value="UnicodeLittle"/>
    <property name="java.class.version" value="65.0"/>
  </properties>
  <testcase name="testSignatureFromAPI" classname="tn.supcom.appsec.security.TestJwtManager" time="0.178"/>
  <testcase name="testKeyPairGeneration" classname="tn.supcom.appsec.security.TestJwtManager" time="0.063"/>
  <testcase name="testGenerateTokenAndVerifyToken" classname="tn.supcom.appsec.security.TestJwtManager" time="0.067"/>
</testsuite>